# JRE version: Java(TM) SE Runtime Environment 18.9 (11.0.12+8) (build 11.0.12+8-LTS-237)
# Java VM: Java HotSpot(TM) 64-Bit Server VM 18.9 (11.0.12+8-LTS-237, mixed mode, tiered, compressed oops, g1 gc, bsd-amd64)
Heap:
 garbage-first heap   total 413696K, used 314322K [0x00000007e0000000, 0x0000000800000000)
  region size 1024K, 37 young (37888K), 4 survivors (4096K)
 Metaspace       used 136641K, capacity 141131K, committed 141476K, reserved 376832K
  class space    used 17136K, capacity 18786K, committed 18892K, reserved 253952K
GC Heap History (10 events):
Event: 71.088 GC heap before
{Heap before GC invocations=88 (full 0):
 garbage-first heap   total 413696K, used 296594K [0x00000007e0000000, 0x0000000800000000)
  region size 1024K, 20 young (20480K), 2 survivors (2048K)
 Metaspace       used 136612K, capacity 141064K, committed 141220K, reserved 376832K
  class space    used 17136K, capacity 18786K, committed 18892K, reserved 253952K
}
Event: 71.108 GC heap after
{Heap after GC invocations=89 (full 0):
 garbage-first heap   total 413696K, used 278954K [0x00000007e0000000, 0x0000000800000000)
  region size 1024K, 1 young (1024K), 1 survivors (1024K)
 Metaspace       used 136612K, capacity 141064K, committed 141220K, reserved 376832K
  class space    used 17136K, capacity 18786K, committed 18892K, reserved 253952K
}
Event: 71.567 GC heap before
{Heap before GC invocations=89 (full 0):
 garbage-first heap   total 413696K, used 328106K [0x00000007e0000000, 0x0000000800000000)
  region size 1024K, 49 young (50176K), 1 survivors (1024K)
 Metaspace       used 136637K, capacity 141130K, committed 141476K, reserved 376832K
  class space    used 17136K, capacity 18786K, committed 18892K, reserved 253952K
}
Event: 71.573 GC heap after
{Heap after GC invocations=90 (full 0):
 garbage-first heap   total 413696K, used 279604K [0x00000007e0000000, 0x0000000800000000)
  region size 1024K, 2 young (2048K), 2 survivors (2048K)
 Metaspace       used 136637K, capacity 141130K, committed 141476K, reserved 376832K
  class space    used 17136K, capacity 18786K, committed 18892K, reserved 253952K
}
Event: 72.024 GC heap before
{Heap before GC invocations=90 (full 0):
 garbage-first heap   total 413696K, used 330804K [0x00000007e0000000, 0x0000000800000000)
  region size 1024K, 52 young (53248K), 2 survivors (2048K)
 Metaspace       used 136639K, capacity 141131K, committed 141476K, reserved 376832K
  class space    used 17136K, capacity 18786K, committed 18892K, reserved 253952K
}
Event: 72.029 GC heap after
{Heap after GC invocations=91 (full 0):
 garbage-first heap   total 413696K, used 280129K [0x00000007e0000000, 0x0000000800000000)
  region size 1024K, 3 young (3072K), 3 survivors (3072K)
 Metaspace       used 136639K, capacity 141131K, committed 141476K, reserved 376832K
  class space    used 17136K, capacity 18786K, committed 18892K, reserved 253952K
}
Event: 72.371 GC heap before
{Heap before GC invocations=91 (full 0):
 garbage-first heap   total 413696K, used 334401K [0x00000007e0000000, 0x0000000800000000)
  region size 1024K, 56 young (57344K), 3 survivors (3072K)
 Metaspace       used 136640K, capacity 141131K, committed 141476K, reserved 376832K
  class space    used 17136K, capacity 18786K, committed 18892K, reserved 253952K
}
Event: 72.379 GC heap after
{Heap after GC invocations=92 (full 0):
 garbage-first heap   total 413696K, used 280698K [0x00000007e0000000, 0x0000000800000000)
  region size 1024K, 3 young (3072K), 3 survivors (3072K)
 Metaspace       used 136640K, capacity 141131K, committed 141476K, reserved 376832K
  class space    used 17136K, capacity 18786K, committed 18892K, reserved 253952K
}
Event: 72.850 GC heap before
{Heap before GC invocations=92 (full 0):
 garbage-first heap   total 413696K, used 338042K [0x00000007e0000000, 0x0000000800000000)
  region size 1024K, 59 young (60416K), 3 survivors (3072K)
 Metaspace       used 136640K, capacity 141131K, committed 141476K, reserved 376832K
  class space    used 17136K, capacity 18786K, committed 18892K, reserved 253952K
}
Event: 72.858 GC heap after
{Heap after GC invocations=93 (full 0):
 garbage-first heap   total 413696K, used 281554K [0x00000007e0000000, 0x0000000800000000)
  region size 1024K, 4 young (4096K), 4 survivors (4096K)
 Metaspace       used 136640K, capacity 141131K, committed 141476K, reserved 376832K
  class space    used 17136K, capacity 18786K, committed 18892K, reserved 253952K
}

